<?xml version="1.0" encoding="UTF-8"?>
<coverage generated="1680835164858" clover="3.2.0">
  <project timestamp="1680835164858" name="All files">
    <metrics statements="30" coveredstatements="23" conditionals="8" coveredconditionals="4" methods="7" coveredmethods="6" elements="45" coveredelements="33" complexity="0" loc="30" ncloc="30" packages="1" files="2" classes="2"/>
    <file name="todoFunctions.js" path="D:\Trabajo\Curso Desarrollo\Microverse\Microverse Bootcamp\MODULE 2 - JAVASCRIPT AND NETWORKING\SetUp- Webpack\setup-webpack\src\todoFunctions.js">
      <metrics statements="24" coveredstatements="17" conditionals="8" coveredconditionals="4" methods="4" coveredmethods="3"/>
      <line num="1" count="2" type="stmt"/>
      <line num="2" count="3" type="cond" truecount="2" falsecount="0"/>
      <line num="3" count="2" type="stmt"/>
      <line num="4" count="2" type="stmt"/>
      <line num="5" count="2" type="stmt"/>
      <line num="9" count="2" type="stmt"/>
      <line num="10" count="3" type="stmt"/>
      <line num="11" count="3" type="cond" truecount="2" falsecount="0"/>
      <line num="12" count="2" type="stmt"/>
      <line num="13" count="2" type="stmt"/>
      <line num="14" count="2" type="stmt"/>
      <line num="18" count="2" type="stmt"/>
      <line num="19" count="1" type="stmt"/>
      <line num="20" count="1" type="stmt"/>
      <line num="21" count="1" type="stmt"/>
      <line num="22" count="1" type="stmt"/>
      <line num="24" count="1" type="stmt"/>
      <line num="25" count="0" type="cond" truecount="0" falsecount="2"/>
      <line num="26" count="0" type="stmt"/>
      <line num="27" count="0" type="cond" truecount="0" falsecount="2"/>
      <line num="28" count="0" type="stmt"/>
      <line num="29" count="0" type="stmt"/>
      <line num="30" count="0" type="stmt"/>
      <line num="31" count="0" type="stmt"/>
    </file>
    <file name="updateFunctions.js" path="D:\Trabajo\Curso Desarrollo\Microverse\Microverse Bootcamp\MODULE 2 - JAVASCRIPT AND NETWORKING\SetUp- Webpack\setup-webpack\src\updateFunctions.js">
      <metrics statements="6" coveredstatements="6" conditionals="0" coveredconditionals="0" methods="3" coveredmethods="3"/>
      <line num="2" count="1" type="stmt"/>
      <line num="3" count="1" type="stmt"/>
      <line num="4" count="1" type="stmt"/>
      <line num="8" count="3" type="stmt"/>
      <line num="9" count="1" type="stmt"/>
      <line num="10" count="1" type="stmt"/>
    </file>
  </project>
</coverage>
