{"D:\\Trabajo\\Curso Desarrollo\\Microverse\\Microverse Bootcamp\\MODULE 2 - JAVASCRIPT AND NETWORKING\\SetUp- Webpack\\setup-webpack\\src\\todoFunctions.js": {"path":"D:\\Trabajo\\Curso Desarrollo\\Microverse\\Microverse Bootcamp\\MODULE 2 - JAVASCRIPT AND NETWORKING\\SetUp- Webpack\\setup-webpack\\src\\todoFunctions.js","statementMap":{"0":{"start":{"line":1,"column":16},"end":{"line":7,"column":1}},"1":{"start":{"line":2,"column":2},"end":{"line":6,"column":3}},"2":{"start":{"line":3,"column":4},"end":{"line":3,"column":24}},"3":{"start":{"line":4,"column":4},"end":{"line":4,"column":18}},"4":{"start":{"line":5,"column":4},"end":{"line":5,"column":16}},"5":{"start":{"line":9,"column":19},"end":{"line":16,"column":1}},"6":{"start":{"line":10,"column":16},"end":{"line":10,"column":43}},"7":{"start":{"line":11,"column":2},"end":{"line":15,"column":3}},"8":{"start":{"line":12,"column":4},"end":{"line":12,"column":27}},"9":{"start":{"line":13,"column":4},"end":{"line":13,"column":18}},"10":{"start":{"line":14,"column":4},"end":{"line":14,"column":16}},"11":{"start":{"line":18,"column":17},"end":{"line":35,"column":1}},"12":{"start":{"line":19,"column":16},"end":{"line":19,"column":47}},"13":{"start":{"line":20,"column":2},"end":{"line":20,"column":22}},"14":{"start":{"line":21,"column":2},"end":{"line":21,"column":39}},"15":{"start":{"line":22,"column":2},"end":{"line":22,"column":26}},"16":{"start":{"line":24,"column":2},"end":{"line":34,"column":5}},"17":{"start":{"line":25,"column":4},"end":{"line":33,"column":5}},"18":{"start":{"line":26,"column":29},"end":{"line":26,"column":47}},"19":{"start":{"line":27,"column":6},"end":{"line":32,"column":7}},"20":{"start":{"line":28,"column":8},"end":{"line":28,"column":48}},"21":{"start":{"line":29,"column":8},"end":{"line":29,"column":32}},"22":{"start":{"line":30,"column":8},"end":{"line":30,"column":22}},"23":{"start":{"line":31,"column":8},"end":{"line":31,"column":20}}},"fnMap":{"0":{"name":"(anonymous_0)","decl":{"start":{"line":1,"column":16},"end":{"line":1,"column":17}},"loc":{"start":{"line":1,"column":60},"end":{"line":7,"column":1}},"line":1},"1":{"name":"(anonymous_1)","decl":{"start":{"line":9,"column":19},"end":{"line":9,"column":20}},"loc":{"start":{"line":9,"column":68},"end":{"line":16,"column":1}},"line":9},"2":{"name":"(anonymous_2)","decl":{"start":{"line":18,"column":17},"end":{"line":18,"column":18}},"loc":{"start":{"line":18,"column":63},"end":{"line":35,"column":1}},"line":18},"3":{"name":"(anonymous_3)","decl":{"start":{"line":24,"column":36},"end":{"line":24,"column":37}},"loc":{"start":{"line":24,"column":47},"end":{"line":34,"column":3}},"line":24}},"branchMap":{"0":{"loc":{"start":{"line":2,"column":2},"end":{"line":6,"column":3}},"type":"if","locations":[{"start":{"line":2,"column":2},"end":{"line":6,"column":3}},{"start":{},"end":{}}],"line":2},"1":{"loc":{"start":{"line":11,"column":2},"end":{"line":15,"column":3}},"type":"if","locations":[{"start":{"line":11,"column":2},"end":{"line":15,"column":3}},{"start":{},"end":{}}],"line":11},"2":{"loc":{"start":{"line":25,"column":4},"end":{"line":33,"column":5}},"type":"if","locations":[{"start":{"line":25,"column":4},"end":{"line":33,"column":5}},{"start":{},"end":{}}],"line":25},"3":{"loc":{"start":{"line":27,"column":6},"end":{"line":32,"column":7}},"type":"if","locations":[{"start":{"line":27,"column":6},"end":{"line":32,"column":7}},{"start":{},"end":{}}],"line":27}},"s":{"0":2,"1":3,"2":2,"3":2,"4":2,"5":2,"6":3,"7":3,"8":2,"9":2,"10":2,"11":2,"12":1,"13":1,"14":1,"15":1,"16":1,"17":0,"18":0,"19":0,"20":0,"21":0,"22":0,"23":0},"f":{"0":3,"1":3,"2":1,"3":0},"b":{"0":[2,1],"1":[2,1],"2":[0,0],"3":[0,0]},"_coverageSchema":"1a1c01bbd47fc00a2c39e90264f33305004495a9","hash":"5a3eb369962238ddd2263fe7e2e78488c32a7bbc"}
,"D:\\Trabajo\\Curso Desarrollo\\Microverse\\Microverse Bootcamp\\MODULE 2 - JAVASCRIPT AND NETWORKING\\SetUp- Webpack\\setup-webpack\\src\\updateFunctions.js": {"path":"D:\\Trabajo\\Curso Desarrollo\\Microverse\\Microverse Bootcamp\\MODULE 2 - JAVASCRIPT AND NETWORKING\\SetUp- Webpack\\setup-webpack\\src\\updateFunctions.js","statementMap":{"0":{"start":{"line":2,"column":2},"end":{"line":2,"column":35}},"1":{"start":{"line":3,"column":2},"end":{"line":3,"column":14}},"2":{"start":{"line":4,"column":2},"end":{"line":4,"column":16}},"3":{"start":{"line":8,"column":2},"end":{"line":8,"column":50}},"4":{"start":{"line":8,"column":33},"end":{"line":8,"column":48}},"5":{"start":{"line":9,"column":2},"end":{"line":9,"column":14}},"6":{"start":{"line":10,"column":2},"end":{"line":10,"column":16}}},"fnMap":{"0":{"name":"updateTaskStatus","decl":{"start":{"line":1,"column":9},"end":{"line":1,"column":25}},"loc":{"start":{"line":1,"column":63},"end":{"line":5,"column":1}},"line":1},"1":{"name":"clearCompletedTasks","decl":{"start":{"line":7,"column":9},"end":{"line":7,"column":28}},"loc":{"start":{"line":7,"column":60},"end":{"line":11,"column":1}},"line":7},"2":{"name":"(anonymous_2)","decl":{"start":{"line":8,"column":23},"end":{"line":8,"column":24}},"loc":{"start":{"line":8,"column":33},"end":{"line":8,"column":48}},"line":8}},"branchMap":{},"s":{"0":1,"1":1,"2":1,"3":1,"4":3,"5":1,"6":1},"f":{"0":1,"1":1,"2":3},"b":{},"_coverageSchema":"1a1c01bbd47fc00a2c39e90264f33305004495a9","hash":"78980af28753deb995032e5e4ec2af9c50214fc2"}
}
