TN:
SF:src\todoFunctions.js
FN:1,(anonymous_0)
FN:9,(anonymous_1)
FN:18,(anonymous_2)
FN:24,(anonymous_3)
FNF:4
FNH:3
FNDA:3,(anonymous_0)
FNDA:3,(anonymous_1)
FNDA:1,(anonymous_2)
FNDA:0,(anonymous_3)
DA:1,2
DA:2,3
DA:3,2
DA:4,2
DA:5,2
DA:9,2
DA:10,3
DA:11,3
DA:12,2
DA:13,2
DA:14,2
DA:18,2
DA:19,1
DA:20,1
DA:21,1
DA:22,1
DA:24,1
DA:25,0
DA:26,0
DA:27,0
DA:28,0
DA:29,0
DA:30,0
DA:31,0
LF:24
LH:17
BRDA:2,0,0,2
BRDA:2,0,1,1
BRDA:11,1,0,2
BRDA:11,1,1,1
BRDA:25,2,0,0
BRDA:25,2,1,0
BRDA:27,3,0,0
BRDA:27,3,1,0
BRF:8
BRH:4
end_of_record
TN:
SF:src\updateFunctions.js
FN:1,updateTaskStatus
FN:7,clearCompletedTasks
FN:8,(anonymous_2)
FNF:3
FNH:3
FNDA:1,updateTaskStatus
FNDA:1,clearCompletedTasks
FNDA:3,(anonymous_2)
DA:2,1
DA:3,1
DA:4,1
DA:8,3
DA:9,1
DA:10,1
LF:6
LH:6
BRF:0
BRH:0
end_of_record
